<?xml version="1.0" encoding="UTF-8"?>
<testsuite name="RCharTest" tests="1" skipped="0" failures="0" errors="0" timestamp="2021-01-08T00:31:38" hostname="Ramzis-iMac.local" time="0.001">
  <properties/>
  <testcase name="testGetFirstCharacter" classname="RCharTest" time="0.001"/>
  <system-out><![CDATA[]]></system-out>
  <system-err><![CDATA[]]></system-err>
</testsuite>
