<?xml version="1.0" encoding="UTF-8"?>
<testsuite name="RCharTest" tests="4" skipped="0" failures="0" errors="0" timestamp="2021-01-08T00:38:20" hostname="Ramzis-iMac.local" time="0.002">
  <properties/>
  <testcase name="testEquals2" classname="RCharTest" time="0.002"/>
  <testcase name="testGetFirstCharacter" classname="RCharTest" time="0.0"/>
  <testcase name="testHashCode" classname="RCharTest" time="0.0"/>
  <testcase name="testEquals" classname="RCharTest" time="0.0"/>
  <system-out><![CDATA[]]></system-out>
  <system-err><![CDATA[]]></system-err>
</testsuite>
