<?xml version="1.0" encoding="UTF-8"?>
<testsuite name="RBinaryTreeTest" tests="2" skipped="0" failures="0" errors="0" timestamp="2021-01-10T05:15:23" hostname="RAMZIEL-JABALI" time="0.006">
  <properties/>
  <testcase name="testDoesContain2" classname="RBinaryTreeTest" time="0.005"/>
  <testcase name="testDoesContain" classname="RBinaryTreeTest" time="0.0"/>
  <system-out><![CDATA[]]></system-out>
  <system-err><![CDATA[]]></system-err>
</testsuite>
