<?xml version="1.0" encoding="UTF-8"?>
<testsuite name="RBinaryTreeTest" tests="5" skipped="0" failures="0" errors="0" timestamp="2021-01-19T09:01:25" hostname="Ramzis-iMac.local" time="0.004">
  <properties/>
  <testcase name="testRemoveChildlessLeaf" classname="RBinaryTreeTest" time="0.002"/>
  <testcase name="testDoesContain2" classname="RBinaryTreeTest" time="0.0"/>
  <testcase name="testDoesContain" classname="RBinaryTreeTest" time="0.001"/>
  <testcase name="testRemoveNodeWithOnlyOneChildOnTheRight" classname="RBinaryTreeTest" time="0.0"/>
  <testcase name="testRemoveNodeWithOnlyOneChildOnTheLeft" classname="RBinaryTreeTest" time="0.0"/>
  <system-out><![CDATA[]]></system-out>
  <system-err><![CDATA[]]></system-err>
</testsuite>
